[debug] [2025-08-08T03:25:10.752Z] ----------------------------------------------------------------------
[debug] [2025-08-08T03:25:10.755Z] Command:       C:\Program Files\nodejs\node.exe C:\Users\andre\AppData\Roaming\npm\node_modules\firebase-tools\lib\bin\firebase.js deploy --only functions
[debug] [2025-08-08T03:25:10.755Z] CLI Version:   14.11.2
[debug] [2025-08-08T03:25:10.755Z] Platform:      win32
[debug] [2025-08-08T03:25:10.755Z] Node Version:  v22.18.0
[debug] [2025-08-08T03:25:10.755Z] Time:          Thu Aug 07 2025 23:25:10 GMT-0400 (Eastern Daylight Saving Time)
[debug] [2025-08-08T03:25:10.756Z] ----------------------------------------------------------------------
[debug] 
[debug] [2025-08-08T03:25:10.923Z] > command requires scopes: ["email","openid","https://www.googleapis.com/auth/cloudplatformprojects.readonly","https://www.googleapis.com/auth/firebase","https://www.googleapis.com/auth/cloud-platform"]
[debug] [2025-08-08T03:25:10.923Z] > authorizing via signed-in user (andrewscottgm@gmail.com)
[debug] [2025-08-08T03:25:10.923Z] [iam] checking project showai-23713 for permissions ["cloudfunctions.functions.create","cloudfunctions.functions.delete","cloudfunctions.functions.get","cloudfunctions.functions.list","cloudfunctions.functions.update","cloudfunctions.operations.get","firebase.projects.get"]
[debug] [2025-08-08T03:25:10.924Z] Checked if tokens are valid: false, expires at: 1754622876458
[debug] [2025-08-08T03:25:10.924Z] Checked if tokens are valid: false, expires at: 1754622876458
[debug] [2025-08-08T03:25:10.925Z] > refreshing access token with scopes: []
[debug] [2025-08-08T03:25:10.926Z] >>> [apiv2][query] POST https://www.googleapis.com/oauth2/v3/token [none]
[debug] [2025-08-08T03:25:10.926Z] >>> [apiv2][body] POST https://www.googleapis.com/oauth2/v3/token [omitted]
[debug] [2025-08-08T03:25:11.196Z] <<< [apiv2][status] POST https://www.googleapis.com/oauth2/v3/token 200
[debug] [2025-08-08T03:25:11.196Z] <<< [apiv2][body] POST https://www.googleapis.com/oauth2/v3/token [omitted]
[debug] [2025-08-08T03:25:11.202Z] >>> [apiv2][query] POST https://cloudresourcemanager.googleapis.com/v1/projects/showai-23713:testIamPermissions [none]
[debug] [2025-08-08T03:25:11.202Z] >>> [apiv2][(partial)header] POST https://cloudresourcemanager.googleapis.com/v1/projects/showai-23713:testIamPermissions x-goog-quota-user=projects/showai-23713
[debug] [2025-08-08T03:25:11.202Z] >>> [apiv2][body] POST https://cloudresourcemanager.googleapis.com/v1/projects/showai-23713:testIamPermissions {"permissions":["cloudfunctions.functions.create","cloudfunctions.functions.delete","cloudfunctions.functions.get","cloudfunctions.functions.list","cloudfunctions.functions.update","cloudfunctions.operations.get","firebase.projects.get"]}
[debug] [2025-08-08T03:25:11.650Z] <<< [apiv2][status] POST https://cloudresourcemanager.googleapis.com/v1/projects/showai-23713:testIamPermissions 200
[debug] [2025-08-08T03:25:11.650Z] <<< [apiv2][body] POST https://cloudresourcemanager.googleapis.com/v1/projects/showai-23713:testIamPermissions {"permissions":["cloudfunctions.functions.create","cloudfunctions.functions.delete","cloudfunctions.functions.get","cloudfunctions.functions.list","cloudfunctions.functions.update","cloudfunctions.operations.get","firebase.projects.get"]}
[debug] [2025-08-08T03:25:11.651Z] Checked if tokens are valid: true, expires at: 1754627110196
[debug] [2025-08-08T03:25:11.651Z] Checked if tokens are valid: true, expires at: 1754627110196
[debug] [2025-08-08T03:25:11.651Z] >>> [apiv2][query] POST https://iam.googleapis.com/v1/projects/showai-23713/serviceAccounts/showai-23713@appspot.gserviceaccount.com:testIamPermissions [none]
[debug] [2025-08-08T03:25:11.651Z] >>> [apiv2][body] POST https://iam.googleapis.com/v1/projects/showai-23713/serviceAccounts/showai-23713@appspot.gserviceaccount.com:testIamPermissions {"permissions":["iam.serviceAccounts.actAs"]}
[debug] [2025-08-08T03:25:12.123Z] <<< [apiv2][status] POST https://iam.googleapis.com/v1/projects/showai-23713/serviceAccounts/showai-23713@appspot.gserviceaccount.com:testIamPermissions 200
[debug] [2025-08-08T03:25:12.124Z] <<< [apiv2][body] POST https://iam.googleapis.com/v1/projects/showai-23713/serviceAccounts/showai-23713@appspot.gserviceaccount.com:testIamPermissions {"permissions":["iam.serviceAccounts.actAs"]}
[info] 
[info] === Deploying to 'showai-23713'...
[info] 
[info] i  deploying functions 
[info] Running command: npm --prefix "$RESOURCE_DIR" run lint
[info] Running command: npm --prefix "$RESOURCE_DIR" run build
